<?xml version="1.0" encoding="UTF-8"?>
<testsuite xmlns:xsi="http://www.w3.org/2001/XMLSchema-instance" xsi:noNamespaceSchemaLocation="https://maven.apache.org/surefire/maven-surefire-plugin/xsd/surefire-test-report.xsd" name="Toto.FizzBuzzTest" time="0.018" tests="3" errors="0" skipped="0" failures="0">
  <properties>
[...]
</properties>
  <testcase name="buzz" classname="Toto.FizzBuzzTest" time="0.012"/>
  <testcase name="fizz" classname="Toto.FizzBuzzTest" time="0.001"/>
  <testcase name="returnNumber" classname="Toto.FizzBuzzTest" time="0"/>
</testsuite>